[17:17:09] [Server thread/INFO]: Starting minecraft server version 1.8.8
[17:17:09] [Server thread/INFO]: Loading properties
[17:17:09] [Server thread/INFO]: Default game type: SURVIVAL
[17:17:09] [Server thread/INFO]: This server is running CraftBukkit version git-Spigot-db6de12-d3e0b6f (MC: 1.8.8) (Implementing API version 1.8.8-R0.1-SNAPSHOT)
[17:17:10] [Server thread/INFO]: Debug logging is disabled
[17:17:10] [Server thread/INFO]: Server Ping Player Sample Count: 12
[17:17:10] [Server thread/INFO]: Using 4 threads for Netty based IO
[17:17:10] [Server thread/INFO]: Generating keypair
[17:17:11] [Server thread/INFO]: Starting Minecraft server on *:25565
[17:17:11] [Server thread/INFO]: Using default channel type
[17:17:11] [Server thread/INFO]: Set PluginClassLoader as parallel capable
[17:17:11] [Server thread/INFO]: [SquareWorld] Loading SquareWorld v1.0.0
[17:17:11] [Server thread/INFO]: [Essentials] Loading Essentials vTeamCity
[17:17:11] [Server thread/INFO]: [SquareWorld] Enabling SquareWorld v1.0.0
[17:17:11] [Server thread/INFO]: [wuoter] plugin enabled
[17:17:11] [Server thread/WARN]: **** SERVER IS RUNNING IN OFFLINE/INSECURE MODE!
[17:17:11] [Server thread/WARN]: The server will make no attempt to authenticate usernames. Beware.
[17:17:11] [Server thread/WARN]: While this makes the game possible to play without internet access, it also opens up the ability for hackers to connect with any username they choose.
[17:17:11] [Server thread/WARN]: To change this, set "online-mode" to "true" in the server.properties file.
[17:17:11] [Server thread/INFO]: **** Beginning UUID conversion, this may take A LONG time ****
[17:17:11] [Server thread/INFO]: Preparing level "world"
[17:17:12] [Server thread/INFO]: -------- World Settings For [world] --------
[17:17:12] [Server thread/INFO]: View Distance: 10
[17:17:12] [Server thread/INFO]: Chunks to Grow per Tick: 650
[17:17:12] [Server thread/INFO]: Clear tick list: false
[17:17:12] [Server thread/INFO]: Experience Merge Radius: 3.0
[17:17:12] [Server thread/INFO]: Mob Spawn Range: 4
[17:17:12] [Server thread/INFO]: Anti X-Ray: true
[17:17:12] [Server thread/INFO]: 	Engine Mode: 1
[17:17:12] [Server thread/INFO]: 	Hidden Blocks: [14, 15, 16, 21, 48, 49, 54, 56, 73, 74, 82, 129, 130]
[17:17:12] [Server thread/INFO]: 	Replace Blocks: [1, 5]
[17:17:12] [Server thread/INFO]: Nerfing mobs spawned from spawners: false
[17:17:12] [Server thread/INFO]: Cactus Growth Modifier: 100%
[17:17:12] [Server thread/INFO]: Cane Growth Modifier: 100%
[17:17:12] [Server thread/INFO]: Melon Growth Modifier: 100%
[17:17:12] [Server thread/INFO]: Mushroom Growth Modifier: 100%
[17:17:12] [Server thread/INFO]: Pumpkin Growth Modifier: 100%
[17:17:12] [Server thread/INFO]: Sapling Growth Modifier: 100%
[17:17:12] [Server thread/INFO]: Wheat Growth Modifier: 100%
[17:17:12] [Server thread/INFO]: NetherWart Growth Modifier: 100%
[17:17:12] [Server thread/INFO]: Entity Activation Range: An 32 / Mo 32 / Mi 16
[17:17:12] [Server thread/INFO]: Entity Tracking Range: Pl 48 / An 48 / Mo 48 / Mi 32 / Other 64
[17:17:12] [Server thread/INFO]: Hopper Transfer: 8 Hopper Check: 8 Hopper Amount: 1
[17:17:12] [Server thread/INFO]: Random Lighting Updates: false
[17:17:12] [Server thread/INFO]: Structure Info Saving: true
[17:17:12] [Server thread/INFO]: Sending up to 10 chunks per packet
[17:17:12] [Server thread/INFO]: Max Entity Collisions: 8
[17:17:12] [Server thread/INFO]: Custom Map Seeds:  Village: 10387312 Feature: 14357617
[17:17:12] [Server thread/INFO]: Max TNT Explosions: 100
[17:17:12] [Server thread/INFO]: Tile Max Tick Time: 50ms Entity max Tick Time: 50ms
[17:17:12] [Server thread/INFO]: Item Despawn Rate: 6000
[17:17:12] [Server thread/INFO]: Item Merge Radius: 2.5
[17:17:12] [Server thread/INFO]: Zombie Aggressive Towards Villager: true
[17:17:12] [Server thread/INFO]: Arrow Despawn Rate: 1200
[17:17:12] [Server thread/INFO]: Allow Zombie Pigmen to spawn from portal blocks: true
[17:17:12] [Server thread/INFO]: -------- World Settings For [world_nether] --------
[17:17:12] [Server thread/INFO]: View Distance: 10
[17:17:12] [Server thread/INFO]: Chunks to Grow per Tick: 650
[17:17:12] [Server thread/INFO]: Clear tick list: false
[17:17:12] [Server thread/INFO]: Experience Merge Radius: 3.0
[17:17:12] [Server thread/INFO]: Mob Spawn Range: 4
[17:17:12] [Server thread/INFO]: Anti X-Ray: true
[17:17:12] [Server thread/INFO]: 	Engine Mode: 1
[17:17:12] [Server thread/INFO]: 	Hidden Blocks: [14, 15, 16, 21, 48, 49, 54, 56, 73, 74, 82, 129, 130]
[17:17:12] [Server thread/INFO]: 	Replace Blocks: [1, 5]
[17:17:12] [Server thread/INFO]: Nerfing mobs spawned from spawners: false
[17:17:12] [Server thread/INFO]: Cactus Growth Modifier: 100%
[17:17:12] [Server thread/INFO]: Cane Growth Modifier: 100%
[17:17:12] [Server thread/INFO]: Melon Growth Modifier: 100%
[17:17:12] [Server thread/INFO]: Mushroom Growth Modifier: 100%
[17:17:12] [Server thread/INFO]: Pumpkin Growth Modifier: 100%
[17:17:12] [Server thread/INFO]: Sapling Growth Modifier: 100%
[17:17:12] [Server thread/INFO]: Wheat Growth Modifier: 100%
[17:17:12] [Server thread/INFO]: NetherWart Growth Modifier: 100%
[17:17:12] [Server thread/INFO]: Entity Activation Range: An 32 / Mo 32 / Mi 16
[17:17:12] [Server thread/INFO]: Entity Tracking Range: Pl 48 / An 48 / Mo 48 / Mi 32 / Other 64
[17:17:12] [Server thread/INFO]: Hopper Transfer: 8 Hopper Check: 8 Hopper Amount: 1
[17:17:12] [Server thread/INFO]: Random Lighting Updates: false
[17:17:12] [Server thread/INFO]: Structure Info Saving: true
[17:17:12] [Server thread/INFO]: Sending up to 10 chunks per packet
[17:17:12] [Server thread/INFO]: Max Entity Collisions: 8
[17:17:12] [Server thread/INFO]: Custom Map Seeds:  Village: 10387312 Feature: 14357617
[17:17:12] [Server thread/INFO]: Max TNT Explosions: 100
[17:17:12] [Server thread/INFO]: Tile Max Tick Time: 50ms Entity max Tick Time: 50ms
[17:17:12] [Server thread/INFO]: Item Despawn Rate: 6000
[17:17:12] [Server thread/INFO]: Item Merge Radius: 2.5
[17:17:12] [Server thread/INFO]: Zombie Aggressive Towards Villager: true
[17:17:12] [Server thread/INFO]: Arrow Despawn Rate: 1200
[17:17:12] [Server thread/INFO]: Allow Zombie Pigmen to spawn from portal blocks: true
[17:17:12] [Server thread/INFO]: -------- World Settings For [world_the_end] --------
[17:17:12] [Server thread/INFO]: View Distance: 10
[17:17:12] [Server thread/INFO]: Chunks to Grow per Tick: 650
[17:17:12] [Server thread/INFO]: Clear tick list: false
[17:17:12] [Server thread/INFO]: Experience Merge Radius: 3.0
[17:17:12] [Server thread/INFO]: Mob Spawn Range: 4
[17:17:12] [Server thread/INFO]: Anti X-Ray: true
[17:17:12] [Server thread/INFO]: 	Engine Mode: 1
[17:17:12] [Server thread/INFO]: 	Hidden Blocks: [14, 15, 16, 21, 48, 49, 54, 56, 73, 74, 82, 129, 130]
[17:17:12] [Server thread/INFO]: 	Replace Blocks: [1, 5]
[17:17:12] [Server thread/INFO]: Nerfing mobs spawned from spawners: false
[17:17:12] [Server thread/INFO]: Cactus Growth Modifier: 100%
[17:17:12] [Server thread/INFO]: Cane Growth Modifier: 100%
[17:17:12] [Server thread/INFO]: Melon Growth Modifier: 100%
[17:17:12] [Server thread/INFO]: Mushroom Growth Modifier: 100%
[17:17:12] [Server thread/INFO]: Pumpkin Growth Modifier: 100%
[17:17:12] [Server thread/INFO]: Sapling Growth Modifier: 100%
[17:17:12] [Server thread/INFO]: Wheat Growth Modifier: 100%
[17:17:12] [Server thread/INFO]: NetherWart Growth Modifier: 100%
[17:17:12] [Server thread/INFO]: Entity Activation Range: An 32 / Mo 32 / Mi 16
[17:17:12] [Server thread/INFO]: Entity Tracking Range: Pl 48 / An 48 / Mo 48 / Mi 32 / Other 64
[17:17:12] [Server thread/INFO]: Hopper Transfer: 8 Hopper Check: 8 Hopper Amount: 1
[17:17:12] [Server thread/INFO]: Random Lighting Updates: false
[17:17:12] [Server thread/INFO]: Structure Info Saving: true
[17:17:12] [Server thread/INFO]: Sending up to 10 chunks per packet
[17:17:12] [Server thread/INFO]: Max Entity Collisions: 8
[17:17:12] [Server thread/INFO]: Custom Map Seeds:  Village: 10387312 Feature: 14357617
[17:17:12] [Server thread/INFO]: Max TNT Explosions: 100
[17:17:12] [Server thread/INFO]: Tile Max Tick Time: 50ms Entity max Tick Time: 50ms
[17:17:12] [Server thread/INFO]: Item Despawn Rate: 6000
[17:17:12] [Server thread/INFO]: Item Merge Radius: 2.5
[17:17:12] [Server thread/INFO]: Zombie Aggressive Towards Villager: true
[17:17:12] [Server thread/INFO]: Arrow Despawn Rate: 1200
[17:17:12] [Server thread/INFO]: Allow Zombie Pigmen to spawn from portal blocks: true
[17:17:12] [Server thread/INFO]: Preparing start region for level 0 (Seed: -525376427754709887)
[17:17:12] [Server thread/INFO]: 0.0+1776, 0.0+128, 256, 256
[17:17:13] [Server thread/INFO]: 0.0+928, 0.0+384, 192, 192
[17:17:13] [Server thread/INFO]: 0.0+1872, 0.0+944, 352, 352
[17:17:13] [Server thread/INFO]: 0.0+1088, 0.0+2560, 272, 272
[17:17:13] [Server thread/INFO]: 0.0+496, 0.0+1440, 320, 320
[17:17:13] [Server thread/INFO]: 0.0+2128, 0.0+2400, 384, 384
[17:17:13] [Server thread/INFO]: 0.0+1744, 0.0+912, 320, 320
[17:17:13] [Server thread/INFO]: 0.0+224, 0.0+1104, 224, 224
[17:17:13] [Server thread/INFO]: 0.0+432, 0.0+176, 208, 208
[17:17:13] [Server thread/INFO]: 0.0+1104, 0.0+160, 304, 304
[17:17:13] [Server thread/INFO]: 0.0+1024, 0.0+1984, 352, 352
[17:17:13] [Server thread/INFO]: 0.0+496, 0.0+848, 304, 304
[17:17:13] [Server thread/INFO]: 0.0+1312, 0.0+1872, 304, 304
[17:17:13] [Server thread/INFO]: 0.0+336, 0.0+1568, 272, 272
[17:17:13] [Server thread/INFO]: 0.0+1792, 0.0+384, 384, 384
[17:17:13] [Server thread/INFO]: 0.0+1888, 0.0+2640, 320, 320
[17:17:13] [Server thread/INFO]: 0.0+1344, 0.0+416, 256, 256
[17:17:13] [Server thread/INFO]: 0.0+128, 0.0+960, 256, 256
[17:17:13] [Server thread/INFO]: 0.0+1488, 0.0+2320, 208, 208
[17:17:13] [Server thread/INFO]: 0.0+880, 0.0+1520, 384, 384
[17:17:13] [Server thread/INFO]: 0.0+2720, 0.0+2192, 208, 208
[17:17:13] [Server thread/INFO]: 0.0+1296, 0.0+496, 288, 288
[17:17:13] [Server thread/INFO]: 0.0+1536, 0.0+2480, 304, 304
[17:17:13] [Server thread/INFO]: 0.0+1552, 0.0+1056, 304, 304
[17:17:13] [Server thread/INFO]: 0.0+464, 0.0+2064, 368, 368
[17:17:13] [Server thread/INFO]: 0.0+2384, 0.0+1744, 384, 384
[17:17:13] [Server thread/INFO]: 0.0+1824, 0.0+800, 224, 224
[17:17:13] [Server thread/INFO]: 0.0+64, 0.0+496, 288, 288
[17:17:13] [Server thread/INFO]: 0.0+2768, 0.0+1968, 256, 256
[17:17:13] [Server thread/INFO]: 0.0+1184, 0.0+96, 208, 208
[17:17:13] [Server thread/INFO]: 0.0+1616, 0.0+2080, 256, 256
[17:17:13] [Server thread/INFO]: 0.0+0, 0.0+368, 240, 240
[17:17:13] [Server thread/INFO]: 0.0+544, 0.0+336, 272, 272
[17:17:13] [Server thread/INFO]: 0.0+1712, 0.0+2576, 288, 288
[17:17:13] [Server thread/INFO]: 0.0+1792, 0.0+160, 368, 368
[17:17:13] [Server thread/INFO]: 0.0+2720, 0.0+320, 240, 240
[17:17:13] [Server thread/INFO]: 0.0+1968, 0.0+1808, 384, 384
[17:17:13] [Server thread/INFO]: 0.0+2736, 0.0+1856, 336, 336
[17:17:13] [Server thread/INFO]: 0.0+1216, 0.0+176, 272, 272
[17:17:13] [Server thread/INFO]: 0.0+1008, 0.0+1248, 208, 208
[17:17:13] [Server thread/INFO]: 0.0+1344, 0.0+2032, 304, 304
[17:17:13] [Server thread/INFO]: 0.0+1072, 0.0+2192, 352, 352
[17:17:13] [Server thread/INFO]: 0.0+800, 0.0+1856, 208, 208
[17:17:13] [Server thread/INFO]: 0.0+1360, 0.0+784, 288, 288
[17:17:13] [Server thread/INFO]: 0.0+512, 0.0+2144, 288, 288
[17:17:13] [Server thread/INFO]: 0.0+1248, 0.0+1792, 304, 304
[17:17:13] [Server thread/INFO]: 0.0+1136, 0.0+2240, 368, 368
[17:17:13] [Server thread/INFO]: 0.0+2352, 0.0+1680, 272, 272
[17:17:13] [Server thread/INFO]: 0.0+2288, 0.0+2512, 320, 320
[17:17:13] [Server thread/INFO]: 0.0+1280, 0.0+2608, 352, 352
[17:17:13] [Server thread/INFO]: 0.0+2112, 0.0+1456, 288, 288
[17:17:13] [Server thread/INFO]: 0.0+1632, 0.0+2256, 288, 288
[17:17:13] [Server thread/INFO]: 0.0+672, 0.0+320, 304, 304
[17:17:13] [Server thread/INFO]: 0.0+1488, 0.0+1760, 336, 336
[17:17:13] [Server thread/INFO]: 0.0+480, 0.0+2640, 288, 288
[17:17:13] [Server thread/INFO]: 0.0+400, 0.0+1840, 320, 320
[17:17:13] [Server thread/INFO]: 0.0+2224, 0.0+400, 240, 240
[17:17:13] [Server thread/INFO]: 0.0+1664, 0.0+2128, 320, 320
[17:17:13] [Server thread/INFO]: 0.0+1056, 0.0+1904, 288, 288
[17:17:13] [Server thread/INFO]: 0.0+1776, 0.0+1120, 336, 336
[17:17:13] [Server thread/INFO]: 0.0+2640, 0.0+496, 368, 368
[17:17:13] [Server thread/INFO]: 0.0+1952, 0.0+2208, 304, 304
[17:17:13] [Server thread/INFO]: 0.0+1184, 0.0+1504, 288, 288
[17:17:13] [Server thread/INFO]: 0.0+544, 0.0+2304, 320, 320
[17:17:13] [Server thread/INFO]: 0.0+144, 0.0+2144, 368, 368
[17:17:13] [Server thread/INFO]: 0.0+224, 0.0+1808, 320, 320
[17:17:13] [Server thread/INFO]: 0.0+224, 0.0+2432, 368, 368
[17:17:13] [Server thread/INFO]: 0.0+1072, 0.0+2704, 368, 368
[17:17:13] [Server thread/INFO]: 0.0+2752, 0.0+1328, 384, 384
[17:17:13] [Server thread/INFO]: 0.0+592, 0.0+2288, 368, 368
[17:17:13] [Server thread/INFO]: 0.0+2048, 0.0+800, 224, 224
[17:17:13] [Server thread/INFO]: 0.0+2224, 0.0+2416, 384, 384
[17:17:13] [Server thread/INFO]: 0.0+2432, 0.0+448, 304, 304
[17:17:13] [Server thread/INFO]: 0.0+880, 0.0+1008, 368, 368
[17:17:13] [Server thread/INFO]: 0.0+752, 0.0+1360, 368, 368
[17:17:13] [Server thread/INFO]: 0.0+176, 0.0+1024, 384, 384
[17:17:13] [Server thread/INFO]: 0.0+1536, 0.0+384, 320, 320
[17:17:13] [Server thread/INFO]: 0.0+1552, 0.0+48, 208, 208
[17:17:13] [Server thread/INFO]: 0.0+352, 0.0+2448, 304, 304
[17:17:13] [Server thread/INFO]: 0.0+592, 0.0+1696, 224, 224
[17:17:13] [Server thread/INFO]: 0.0+2000, 0.0+1376, 272, 272
[17:17:13] [Server thread/INFO]: 0.0+1568, 0.0+192, 336, 336
[17:17:13] [Server thread/INFO]: 0.0+2208, 0.0+2176, 240, 240
[17:17:13] [Server thread/INFO]: 0.0+1664, 0.0+976, 208, 208
[17:17:13] [Server thread/INFO]: 0.0+336, 0.0+2224, 336, 336
[17:17:13] [Server thread/INFO]: 0.0+128, 0.0+2080, 304, 304
[17:17:13] [Server thread/INFO]: 0.0+1120, 0.0+2112, 240, 240
[17:17:13] [Server thread/INFO]: 0.0+528, 0.0+1360, 320, 320
[17:17:13] [Server thread/INFO]: 0.0+2320, 0.0+720, 336, 336
[17:17:13] [Server thread/INFO]: 0.0+528, 0.0+1504, 224, 224
[17:17:13] [Server thread/INFO]: 0.0+1120, 0.0+2304, 336, 336
[17:17:13] [Server thread/INFO]: 0.0+1952, 0.0+1088, 352, 352
[17:17:13] [Server thread/INFO]: 0.0+2192, 0.0+1344, 352, 352
[17:17:13] [Server thread/INFO]: 0.0+2480, 0.0+2416, 240, 240
[17:17:13] [Server thread/INFO]: 0.0+2784, 0.0+2560, 336, 336
[17:17:13] [Server thread/INFO]: 0.0+1376, 0.0+32, 368, 368
[17:17:13] [Server thread/INFO]: 0.0+2224, 0.0+2720, 208, 208
[17:17:13] [Server thread/INFO]: 0.0+288, 0.0+1184, 256, 256
[17:17:13] [Server thread/INFO]: 0.0+1776, 0.0+2048, 192, 192
[17:17:13] [Server thread/INFO]: 0.0+736, 0.0+2608, 208, 208
[17:17:13] [Server thread/INFO]: 0.0+720, 0.0+2736, 352, 352
[17:17:13] [Server thread/INFO]: 0.0+816, 0.0+2192, 288, 288
[17:17:13] [Server thread/INFO]: 0.0+704, 0.0+352, 368, 368
[17:17:13] [Server thread/INFO]: 0.0+688, 0.0+1648, 368, 368
[17:17:13] [Server thread/INFO]: 0.0+2736, 0.0+544, 224, 224
[17:17:13] [Server thread/INFO]: 0.0+2688, 0.0+1888, 240, 240
[17:17:13] [Server thread/INFO]: 0.0+1968, 0.0+176, 272, 272
[17:17:13] [Server thread/INFO]: 0.0+2464, 0.0+416, 256, 256
[17:17:13] [Server thread/INFO]: 0.0+64, 0.0+2352, 336, 336
[17:17:13] [Server thread/INFO]: 0.0+2656, 0.0+2112, 336, 336
[17:17:13] [Server thread/INFO]: 0.0+1168, 0.0+656, 352, 352
[17:17:13] [Server thread/INFO]: 0.0+800, 0.0+160, 336, 336
[17:17:13] [Server thread/INFO]: 0.0+464, 0.0+1856, 368, 368
[17:17:13] [Server thread/INFO]: 0.0+1872, 0.0+736, 384, 384
[17:17:13] [Server thread/INFO]: 0.0+1600, 0.0+112, 320, 320
[17:17:13] [Server thread/INFO]: 0.0+496, 0.0+368, 256, 256
[17:17:13] [Server thread/INFO]: 0.0+1104, 0.0+80, 288, 288
[17:17:13] [Server thread/INFO]: 0.0+1152, 0.0+1088, 240, 240
[17:17:13] [Server thread/INFO]: 0.0+2624, 0.0+2672, 384, 384
[17:17:13] [Server thread/INFO]: 0.0+2592, 0.0+464, 320, 320
[17:17:13] [Server thread/INFO]: 0.0+704, 0.0+224, 288, 288
[17:17:13] [Server thread/INFO]: 0.0+768, 0.0+1024, 272, 272
[17:17:13] [Server thread/INFO]: 0.0+2688, 0.0+208, 384, 384
[17:17:13] [Server thread/INFO]: 0.0+464, 0.0+1168, 336, 336
[17:17:13] [Server thread/INFO]: 0.0+464, 0.0+720, 208, 208
[17:17:13] [Server thread/INFO]: 0.0+2352, 0.0+2656, 320, 320
[17:17:13] [Server thread/INFO]: 0.0+2512, 0.0+592, 240, 240
[17:17:13] [Server thread/INFO]: 0.0+1616, 0.0+112, 240, 240
[17:17:13] [Server thread/INFO]: 0.0+208, 0.0+1472, 256, 256
[17:17:13] [Server thread/INFO]: Preparing spawn area: 8%
[17:17:14] [Server thread/INFO]: Preparing spawn area: 31%
[17:17:15] [Server thread/INFO]: Preparing spawn area: 54%
[17:17:16] [Server thread/INFO]: Preparing start region for level 1 (Seed: -525376427754709887)
[17:17:17] [Server thread/INFO]: Preparing spawn area: 7%
[17:17:18] [Server thread/INFO]: Preparing spawn area: 18%
[17:17:19] [Server thread/INFO]: Preparing spawn area: 26%
[17:17:20] [Server thread/INFO]: Preparing spawn area: 37%
[17:17:21] [Server thread/INFO]: Preparing spawn area: 42%
[17:17:22] [Server thread/INFO]: Preparing spawn area: 55%
[17:17:23] [Server thread/INFO]: Preparing spawn area: 63%
[17:17:24] [Server thread/INFO]: Preparing spawn area: 80%
[17:17:25] [Server thread/INFO]: Preparing spawn area: 96%
[17:17:25] [Server thread/INFO]: Preparing start region for level 2 (Seed: -525376427754709887)
[17:17:26] [Server thread/INFO]: Preparing spawn area: 41%
[17:17:27] [Server thread/INFO]: Preparing spawn area: 59%
[17:17:29] [Server thread/INFO]: Preparing spawn area: 82%
[17:17:29] [Server thread/INFO]: [Essentials] Enabling Essentials vTeamCity
[17:17:29] [Server thread/INFO]: Bukkit version format changed. Version not checked.
[17:17:29] [Server thread/INFO]: git-Spigot-db6de12-d3e0b6f (MC: 1.8.8)
[17:17:29] [Server thread/INFO]: 1.8.8-R0.1-SNAPSHOT
[17:17:30] [Server thread/INFO]: Using locale en_US
[17:17:30] [Server thread/INFO]: Using locale en_US
[17:17:30] [Server thread/INFO]: Essentials: Using config file enhanced permissions.
[17:17:30] [Server thread/INFO]: Permissions listed in as player-commands will be given to all users.
[17:17:30] [Server thread/INFO]: Server permissions file permissions.yml is empty, ignoring it
[17:17:30] [Server thread/INFO]: Done (19.179s)! For help, type "help" or "?"
[17:18:16] [Thread-8/INFO]: UUID of player SkyPrison is dd29766d-1f1c-3705-b379-57fcfcc1dbc2
[17:18:17] [Server thread/INFO]: SkyPrison[/127.0.0.1:63786] logged in with entity id 18 at ([world]3.5, 1.0, 6.5)
[17:18:27] [Server thread/INFO]: SkyPrison issued server command: /gm 1
[17:18:32] [Server thread/INFO]: SkyPrison issued server command: /speed 10
[17:18:38] [Server thread/INFO]: SkyPrison issued server command: /warp hitler
[17:41:32] [Server thread/INFO]: SkyPrison lost connection: Disconnected
[17:41:32] [Server thread/INFO]: SkyPrison left the game.
[17:41:33] [Thread-4/INFO]: Stopping server
